[debug] [2023-08-23T08:38:54.785Z] ----------------------------------------------------------------------
[debug] [2023-08-23T08:38:54.797Z] Command:       C:\Users\mxhive\DOWNLO~1\firebase-tools-instant-win.exe C:\Users\mxhive\.cache\firebase\tools\lib\node_modules\firebase-tools\lib\bin\firebase init
[debug] [2023-08-23T08:38:54.799Z] CLI Version:   12.5.0
[debug] [2023-08-23T08:38:54.800Z] Platform:      win32
[debug] [2023-08-23T08:38:54.800Z] Node Version:  v16.16.0
[debug] [2023-08-23T08:38:54.806Z] Time:          Wed Aug 23 2023 09:38:54 GMT+0100 (West Africa Standard Time)
[debug] [2023-08-23T08:38:54.807Z] ----------------------------------------------------------------------
[debug] 
[debug] [2023-08-23T08:38:55.346Z] > command requires scopes: ["email","openid","https://www.googleapis.com/auth/cloudplatformprojects.readonly","https://www.googleapis.com/auth/firebase","https://www.googleapis.com/auth/cloud-platform"]
[debug] [2023-08-23T08:38:55.348Z] > authorizing via signed-in user (okpakomaraez@gmail.com)
[info] 
     ######## #### ########  ######## ########     ###     ######  ########
     ##        ##  ##     ## ##       ##     ##  ##   ##  ##       ##
     ######    ##  ########  ######   ########  #########  ######  ######
     ##        ##  ##    ##  ##       ##     ## ##     ##       ## ##
     ##       #### ##     ## ######## ########  ##     ##  ######  ########

You're about to initialize a Firebase project in this directory:

  C:\Users\mxhive\GIT\codespaces-react\spy

Before we get started, keep in mind:

  * You are initializing within an existing Firebase project directory

